28-Mar-2026 17:44:47.299 INFO [main] org.apache.catalina.startup.VersionLoggerListener.log Server version name:   Apache Tomcat/9.0.106
28-Mar-2026 17:44:47.307 INFO [main] org.apache.catalina.startup.VersionLoggerListener.log Server built:          Jun 5 2025 19:02:30 UTC
28-Mar-2026 17:44:47.307 INFO [main] org.apache.catalina.startup.VersionLoggerListener.log Server version number: 9.0.106.0
28-Mar-2026 17:44:47.307 INFO [main] org.apache.catalina.startup.VersionLoggerListener.log OS Name:               Windows 11
28-Mar-2026 17:44:47.307 INFO [main] org.apache.catalina.startup.VersionLoggerListener.log OS Version:            10.0
28-Mar-2026 17:44:47.307 INFO [main] org.apache.catalina.startup.VersionLoggerListener.log Architecture:          amd64
28-Mar-2026 17:44:47.307 INFO [main] org.apache.catalina.startup.VersionLoggerListener.log Java Home:             c:\Program Files\jdk-22
28-Mar-2026 17:44:47.307 INFO [main] org.apache.catalina.startup.VersionLoggerListener.log JVM Version:           22.0.2+9-70
28-Mar-2026 17:44:47.307 INFO [main] org.apache.catalina.startup.VersionLoggerListener.log JVM Vendor:            Oracle Corporation
28-Mar-2026 17:44:47.307 INFO [main] org.apache.catalina.startup.VersionLoggerListener.log CATALINA_BASE:         C:\tomcat9
28-Mar-2026 17:44:47.307 INFO [main] org.apache.catalina.startup.VersionLoggerListener.log CATALINA_HOME:         C:\tomcat9
28-Mar-2026 17:44:47.322 INFO [main] org.apache.catalina.startup.VersionLoggerListener.log Command line argument: --add-opens=java.base/java.lang=ALL-UNNAMED
28-Mar-2026 17:44:47.329 INFO [main] org.apache.catalina.startup.VersionLoggerListener.log Command line argument: --add-opens=java.base/java.lang.invoke=ALL-UNNAMED
28-Mar-2026 17:44:47.329 INFO [main] org.apache.catalina.startup.VersionLoggerListener.log Command line argument: --add-opens=java.base/java.lang.reflect=ALL-UNNAMED
28-Mar-2026 17:44:47.329 INFO [main] org.apache.catalina.startup.VersionLoggerListener.log Command line argument: --add-opens=java.base/java.io=ALL-UNNAMED
28-Mar-2026 17:44:47.329 INFO [main] org.apache.catalina.startup.VersionLoggerListener.log Command line argument: --add-opens=java.base/java.util=ALL-UNNAMED
28-Mar-2026 17:44:47.329 INFO [main] org.apache.catalina.startup.VersionLoggerListener.log Command line argument: --add-opens=java.base/java.util.concurrent=ALL-UNNAMED
28-Mar-2026 17:44:47.329 INFO [main] org.apache.catalina.startup.VersionLoggerListener.log Command line argument: --add-opens=java.rmi/sun.rmi.transport=ALL-UNNAMED
28-Mar-2026 17:44:47.329 INFO [main] org.apache.catalina.startup.VersionLoggerListener.log Command line argument: -Djava.util.logging.config.file=c:\tomcat9\conf\logging.properties
28-Mar-2026 17:44:47.329 INFO [main] org.apache.catalina.startup.VersionLoggerListener.log Command line argument: -Djava.util.logging.manager=org.apache.juli.ClassLoaderLogManager
28-Mar-2026 17:44:47.329 INFO [main] org.apache.catalina.startup.VersionLoggerListener.log Command line argument: -Djdk.tls.ephemeralDHKeySize=2048
28-Mar-2026 17:44:47.329 INFO [main] org.apache.catalina.startup.VersionLoggerListener.log Command line argument: -Djava.protocol.handler.pkgs=org.apache.catalina.webresources
28-Mar-2026 17:44:47.329 INFO [main] org.apache.catalina.startup.VersionLoggerListener.log Command line argument: -Dsun.io.useCanonCaches=false
28-Mar-2026 17:44:47.329 INFO [main] org.apache.catalina.startup.VersionLoggerListener.log Command line argument: -Dignore.endorsed.dirs=
28-Mar-2026 17:44:47.329 INFO [main] org.apache.catalina.startup.VersionLoggerListener.log Command line argument: -Dcatalina.base=c:\tomcat9
28-Mar-2026 17:44:47.329 INFO [main] org.apache.catalina.startup.VersionLoggerListener.log Command line argument: -Dcatalina.home=c:\tomcat9
28-Mar-2026 17:44:47.329 INFO [main] org.apache.catalina.startup.VersionLoggerListener.log Command line argument: -Djava.io.tmpdir=c:\tomcat9\temp
28-Mar-2026 17:44:47.339 INFO [main] org.apache.catalina.core.AprLifecycleListener.lifecycleEvent The Apache Tomcat Native library which allows using OpenSSL was not found on the java.library.path: [c:\Program Files\jdk-22\bin;C:\WINDOWS\Sun\Java\bin;C:\WINDOWS\system32;C:\WINDOWS;C:\Program Files\Common Files\Oracle\Java\javapath;C:\WINDOWS\system32;C:\WINDOWS;C:\WINDOWS\System32\Wbem;C:\WINDOWS\System32\WindowsPowerShell\v1.0\;C:\WINDOWS\System32\OpenSSH\;c:\MinGW\bin;C:\Program Files\Git\cmd;C:\Program Files\Git\mingw64\bin;C:\Program Files\Git\usr\bin;C:\Program Files\jdk-22\bin;c:\gradle-8.12.1\bin;C:\sqlite3;C:\Program Files\nodejs\;C:\Program Files (x86)\STMicroelectronics\STM32 ST-LINK Utility\ST-LINK Utility;C:\Users\HP\AppData\Local\Arduino15\packages\arduino\hardware\avr\1.8.6\cores\arduino;F:\arduino-cli_1.3.1_Windows_64bit;C:\Program Files\PostgreSQL\18\bin;C:\Program Files\cursor\resources\app\bin;C:\Users\HP\.local\bin;C:\Program Files (x86)\GNU Arm Embedded Toolchain\bin;C:\Program Files\MySQL\MySQL Server 8.0\bin;C:\Users\HP\AppData\Local\Programs\Python\Python313\Scripts\;C:\Users\HP\AppData\Local\Programs\Python\Python313\;C:\Users\HP\AppData\Local\Programs\Python\Launcher\;C:\Users\HP\AppData\Local\Microsoft\WindowsApps;c:\MinGW\bin;D:\Microsoft VS Code\bin;C:\Program Files\jdk-22\bin;c:\gradle-8.12.1\bin;C:\sqlite3;C:\Users\HP\AppData\Roaming\npm;C:\Users\HP\AppData\Local\Arduino15\packages\arduino\hardware\avr\1.8.6\cores\arduino;F:\arduino-cli_1.3.1_Windows_64bit;C:\Program Files\MySQL\MySQL Shell 8.0\bin;C:\Program Files\PostgreSQL\18\bin;C:\Users\HP\AppData\Local\Programs\Antigravity\bin;.]
28-Mar-2026 17:44:47.769 INFO [main] org.apache.coyote.AbstractProtocol.init Initializing ProtocolHandler ["http-nio-8081"]
28-Mar-2026 17:44:47.804 INFO [main] org.apache.catalina.startup.Catalina.load Server initialization in [796] milliseconds
28-Mar-2026 17:44:47.874 INFO [main] org.apache.catalina.core.StandardService.startInternal Starting service [Catalina]
28-Mar-2026 17:44:47.874 INFO [main] org.apache.catalina.core.StandardEngine.startInternal Starting Servlet engine: [Apache Tomcat/9.0.106]
28-Mar-2026 17:44:47.879 INFO [main] org.apache.catalina.startup.HostConfig.deployDirectory Deploying web application directory [C:\tomcat9\webapps\.github]
28-Mar-2026 17:44:48.288 INFO [main] org.apache.catalina.startup.HostConfig.deployDirectory Deployment of web application directory [C:\tomcat9\webapps\.github] has finished in [409] ms
28-Mar-2026 17:44:48.289 INFO [main] org.apache.catalina.startup.HostConfig.deployDirectory Deploying web application directory [C:\tomcat9\webapps\docs]
28-Mar-2026 17:44:48.337 INFO [main] org.apache.catalina.startup.HostConfig.deployDirectory Deployment of web application directory [C:\tomcat9\webapps\docs] has finished in [48] ms
28-Mar-2026 17:44:48.337 INFO [main] org.apache.catalina.startup.HostConfig.deployDirectory Deploying web application directory [C:\tomcat9\webapps\ES6]
28-Mar-2026 17:44:48.369 INFO [main] org.apache.catalina.startup.HostConfig.deployDirectory Deployment of web application directory [C:\tomcat9\webapps\ES6] has finished in [32] ms
28-Mar-2026 17:44:48.369 INFO [main] org.apache.catalina.startup.HostConfig.deployDirectory Deploying web application directory [C:\tomcat9\webapps\examples]
28-Mar-2026 17:44:49.859 INFO [main] org.apache.catalina.startup.HostConfig.deployDirectory Deployment of web application directory [C:\tomcat9\webapps\examples] has finished in [1,490] ms
28-Mar-2026 17:44:49.859 INFO [main] org.apache.catalina.startup.HostConfig.deployDirectory Deploying web application directory [C:\tomcat9\webapps\five]
28-Mar-2026 17:44:49.966 INFO [main] org.apache.catalina.startup.HostConfig.deployDirectory Deployment of web application directory [C:\tomcat9\webapps\five] has finished in [107] ms
28-Mar-2026 17:44:49.967 INFO [main] org.apache.catalina.startup.HostConfig.deployDirectory Deploying web application directory [C:\tomcat9\webapps\four]
28-Mar-2026 17:44:50.054 INFO [main] org.apache.catalina.startup.HostConfig.deployDirectory Deployment of web application directory [C:\tomcat9\webapps\four] has finished in [87] ms
28-Mar-2026 17:44:50.055 INFO [main] org.apache.catalina.startup.HostConfig.deployDirectory Deploying web application directory [C:\tomcat9\webapps\host-manager]
28-Mar-2026 17:44:50.153 INFO [main] org.apache.catalina.startup.HostConfig.deployDirectory Deployment of web application directory [C:\tomcat9\webapps\host-manager] has finished in [97] ms
28-Mar-2026 17:44:50.154 INFO [main] org.apache.catalina.startup.HostConfig.deployDirectory Deploying web application directory [C:\tomcat9\webapps\jq]
28-Mar-2026 17:44:50.210 INFO [main] org.apache.catalina.startup.HostConfig.deployDirectory Deployment of web application directory [C:\tomcat9\webapps\jq] has finished in [57] ms
28-Mar-2026 17:44:50.210 INFO [main] org.apache.catalina.startup.HostConfig.deployDirectory Deploying web application directory [C:\tomcat9\webapps\manager]
28-Mar-2026 17:44:50.281 INFO [main] org.apache.catalina.startup.HostConfig.deployDirectory Deployment of web application directory [C:\tomcat9\webapps\manager] has finished in [71] ms
28-Mar-2026 17:44:50.281 INFO [main] org.apache.catalina.startup.HostConfig.deployDirectory Deploying web application directory [C:\tomcat9\webapps\one]
28-Mar-2026 17:44:50.366 INFO [main] org.apache.catalina.startup.HostConfig.deployDirectory Deployment of web application directory [C:\tomcat9\webapps\one] has finished in [84] ms
28-Mar-2026 17:44:50.366 INFO [main] org.apache.catalina.startup.HostConfig.deployDirectory Deploying web application directory [C:\tomcat9\webapps\ROOT]
28-Mar-2026 17:44:50.411 INFO [main] org.apache.catalina.startup.HostConfig.deployDirectory Deployment of web application directory [C:\tomcat9\webapps\ROOT] has finished in [45] ms
28-Mar-2026 17:44:50.411 INFO [main] org.apache.catalina.startup.HostConfig.deployDirectory Deploying web application directory [C:\tomcat9\webapps\style2]
28-Mar-2026 17:44:51.279 INFO [main] org.apache.jasper.servlet.TldScanner.scanJars At least one JAR was scanned for TLDs yet contained no TLDs. Enable debug logging for this logger for a complete list of JARs that were scanned but no TLDs were found in them. Skipping unneeded JARs during scanning can improve startup time and JSP compilation time.
28-Mar-2026 17:44:51.289 INFO [main] org.apache.catalina.startup.HostConfig.deployDirectory Deployment of web application directory [C:\tomcat9\webapps\style2] has finished in [878] ms
28-Mar-2026 17:44:51.289 INFO [main] org.apache.catalina.startup.HostConfig.deployDirectory Deploying web application directory [C:\tomcat9\webapps\style2_old]
28-Mar-2026 17:44:52.119 INFO [main] org.apache.jasper.servlet.TldScanner.scanJars At least one JAR was scanned for TLDs yet contained no TLDs. Enable debug logging for this logger for a complete list of JARs that were scanned but no TLDs were found in them. Skipping unneeded JARs during scanning can improve startup time and JSP compilation time.
28-Mar-2026 17:44:52.128 INFO [main] org.apache.catalina.startup.HostConfig.deployDirectory Deployment of web application directory [C:\tomcat9\webapps\style2_old] has finished in [839] ms
28-Mar-2026 17:44:52.129 INFO [main] org.apache.catalina.startup.HostConfig.deployDirectory Deploying web application directory [C:\tomcat9\webapps\style4_basics]
28-Mar-2026 17:44:52.809 INFO [main] org.apache.jasper.servlet.TldScanner.scanJars At least one JAR was scanned for TLDs yet contained no TLDs. Enable debug logging for this logger for a complete list of JARs that were scanned but no TLDs were found in them. Skipping unneeded JARs during scanning can improve startup time and JSP compilation time.
28-Mar-2026 17:44:52.818 INFO [main] org.apache.catalina.startup.HostConfig.deployDirectory Deployment of web application directory [C:\tomcat9\webapps\style4_basics] has finished in [688] ms
28-Mar-2026 17:44:52.818 INFO [main] org.apache.catalina.startup.HostConfig.deployDirectory Deploying web application directory [C:\tomcat9\webapps\style4_JSON_basic]
28-Mar-2026 17:44:53.578 INFO [main] org.apache.jasper.servlet.TldScanner.scanJars At least one JAR was scanned for TLDs yet contained no TLDs. Enable debug logging for this logger for a complete list of JARs that were scanned but no TLDs were found in them. Skipping unneeded JARs during scanning can improve startup time and JSP compilation time.
28-Mar-2026 17:44:53.586 INFO [main] org.apache.catalina.startup.HostConfig.deployDirectory Deployment of web application directory [C:\tomcat9\webapps\style4_JSON_basic] has finished in [768] ms
28-Mar-2026 17:44:53.587 INFO [main] org.apache.catalina.startup.HostConfig.deployDirectory Deploying web application directory [C:\tomcat9\webapps\three]
28-Mar-2026 17:44:53.685 INFO [main] org.apache.catalina.startup.HostConfig.deployDirectory Deployment of web application directory [C:\tomcat9\webapps\three] has finished in [98] ms
28-Mar-2026 17:44:53.686 INFO [main] org.apache.catalina.startup.HostConfig.deployDirectory Deploying web application directory [C:\tomcat9\webapps\TMJRock]
28-Mar-2026 17:44:54.329 INFO [main] org.apache.jasper.servlet.TldScanner.scanJars At least one JAR was scanned for TLDs yet contained no TLDs. Enable debug logging for this logger for a complete list of JARs that were scanned but no TLDs were found in them. Skipping unneeded JARs during scanning can improve startup time and JSP compilation time.
28-Mar-2026 17:44:54.339 INFO [main] org.apache.catalina.startup.HostConfig.deployDirectory Deployment of web application directory [C:\tomcat9\webapps\TMJRock] has finished in [653] ms
28-Mar-2026 17:44:54.339 INFO [main] org.apache.catalina.startup.HostConfig.deployDirectory Deploying web application directory [C:\tomcat9\webapps\two]
28-Mar-2026 17:44:54.419 INFO [main] org.apache.catalina.startup.HostConfig.deployDirectory Deployment of web application directory [C:\tomcat9\webapps\two] has finished in [80] ms
28-Mar-2026 17:44:54.419 INFO [main] org.apache.catalina.startup.HostConfig.deployDirectory Deploying web application directory [C:\tomcat9\webapps\vapisone]
28-Mar-2026 17:44:54.475 INFO [main] org.apache.catalina.startup.HostConfig.deployDirectory Deployment of web application directory [C:\tomcat9\webapps\vapisone] has finished in [56] ms
28-Mar-2026 17:44:54.476 INFO [main] org.apache.catalina.startup.HostConfig.deployDirectory Deploying web application directory [C:\tomcat9\webapps\wsmboard]
28-Mar-2026 17:44:54.726 INFO [main] org.apache.jasper.servlet.TldScanner.scanJars At least one JAR was scanned for TLDs yet contained no TLDs. Enable debug logging for this logger for a complete list of JARs that were scanned but no TLDs were found in them. Skipping unneeded JARs during scanning can improve startup time and JSP compilation time.
28-Mar-2026 17:44:54.749 INFO [main] org.apache.catalina.startup.HostConfig.deployDirectory Deployment of web application directory [C:\tomcat9\webapps\wsmboard] has finished in [273] ms
28-Mar-2026 17:44:54.749 INFO [main] org.apache.coyote.AbstractProtocol.start Starting ProtocolHandler ["http-nio-8081"]
28-Mar-2026 17:44:54.809 INFO [main] org.apache.catalina.startup.Catalina.start Server startup in [7005] milliseconds
28-Mar-2026 18:58:09.015 INFO [Thread-1] org.apache.coyote.AbstractProtocol.pause Pausing ProtocolHandler ["http-nio-8081"]
28-Mar-2026 18:58:09.030 INFO [Thread-1] org.apache.catalina.core.StandardService.stopInternal Stopping service [Catalina]
28-Mar-2026 18:58:09.153 INFO [Thread-1] org.apache.coyote.AbstractProtocol.stop Stopping ProtocolHandler ["http-nio-8081"]
28-Mar-2026 18:58:09.170 INFO [Thread-1] org.apache.coyote.AbstractProtocol.destroy Destroying ProtocolHandler ["http-nio-8081"]
